<?xml version="1.0" encoding="UTF-8"?>
<testng-results ignored="0" total="2" passed="2" failed="0" skipped="0">
  <reporter-output>
  </reporter-output>
  <suite started-at="2022-05-01T12:32:39 IST" name="Suite" finished-at="2022-05-01T12:32:39 IST" duration-ms="42">
    <groups>
    </groups>
    <test started-at="2022-05-01T12:32:39 IST" name="Test" finished-at="2022-05-01T12:32:39 IST" duration-ms="42">
      <class name="testNg.Class1">
        <test-method signature="printSomething()[pri:0, instance:testNg.Class1@3fb1549b]" started-at="2022-05-01T12:32:39 IST" name="printSomething" finished-at="2022-05-01T12:32:39 IST" duration-ms="6" status="PASS">
          <reporter-output>
          </reporter-output>
        </test-method> <!-- printSomething -->
      </class> <!-- testNg.Class1 -->
      <class name="testNg.Class2">
        <test-method signature="printSomething()[pri:0, instance:testNg.Class2@71238fc2]" started-at="2022-05-01T12:32:39 IST" name="printSomething" finished-at="2022-05-01T12:32:39 IST" duration-ms="0" status="PASS">
          <reporter-output>
          </reporter-output>
        </test-method> <!-- printSomething -->
      </class> <!-- testNg.Class2 -->
    </test> <!-- Test -->
  </suite> <!-- Suite -->
</testng-results>
